
AVRASM ver. 2.1.30  C:\Users\pooya\Documents\HW2_Embedded\Q2\Debug\List\Q2.asm Thu Dec 24 21:57:20 2020

C:\Users\pooya\Documents\HW2_Embedded\Q2\Debug\List\Q2.asm(1088): warning: Register r4 already defined by the .DEF directive
C:\Users\pooya\Documents\HW2_Embedded\Q2\Debug\List\Q2.asm(1089): warning: Register r5 already defined by the .DEF directive
C:\Users\pooya\Documents\HW2_Embedded\Q2\Debug\List\Q2.asm(1090): warning: Register r6 already defined by the .DEF directive
C:\Users\pooya\Documents\HW2_Embedded\Q2\Debug\List\Q2.asm(1091): warning: Register r7 already defined by the .DEF directive
C:\Users\pooya\Documents\HW2_Embedded\Q2\Debug\List\Q2.asm(1092): warning: Register r8 already defined by the .DEF directive
C:\Users\pooya\Documents\HW2_Embedded\Q2\Debug\List\Q2.asm(1093): warning: Register r9 already defined by the .DEF directive
                 
                 
                 ;CodeVisionAVR C Compiler V3.12 Advanced
                 ;(C) Copyright 1998-2014 Pavel Haiduc, HP InfoTech s.r.l.
                 ;http://www.hpinfotech.com
                 
                 ;Build configuration    : Debug
                 ;Chip type              : ATmega32
                 ;Program type           : Application
                 ;Clock frequency        : 8.000000 MHz
                 ;Memory model           : Small
                 ;Optimize for           : Size
                 ;(s)printf features     : int, width
                 ;(s)scanf features      : int, width
                 ;External RAM size      : 0
                 ;Data Stack size        : 512 byte(s)
                 ;Heap size              : 0 byte(s)
                 ;Promote 'char' to 'int': Yes
                 ;'char' is unsigned     : Yes
                 ;8 bit enums            : Yes
                 ;Global 'const' stored in FLASH: Yes
                 ;Enhanced function parameter passing: Yes
                 ;Enhanced core instructions: On
                 ;Automatic register allocation for global variables: On
                 ;Smart register allocation: On
                 
                 	#define _MODEL_SMALL_
                 
                 	#pragma AVRPART ADMIN PART_NAME ATmega32
                 	#pragma AVRPART MEMORY PROG_FLASH 32768
                 	#pragma AVRPART MEMORY EEPROM 1024
                 	#pragma AVRPART MEMORY INT_SRAM SIZE 2048
                 	#pragma AVRPART MEMORY INT_SRAM START_ADDR 0x60
                 
                 	#define CALL_SUPPORTED 1
                 
                 	.LISTMAC
                 	.EQU UDRE=0x5
                 	.EQU RXC=0x7
                 	.EQU USR=0xB
                 	.EQU UDR=0xC
                 	.EQU SPSR=0xE
                 	.EQU SPDR=0xF
                 	.EQU EERE=0x0
                 	.EQU EEWE=0x1
                 	.EQU EEMWE=0x2
                 	.EQU EECR=0x1C
                 	.EQU EEDR=0x1D
                 	.EQU EEARL=0x1E
                 	.EQU EEARH=0x1F
                 	.EQU WDTCR=0x21
                 	.EQU MCUCR=0x35
                 	.EQU GICR=0x3B
                 	.EQU SPL=0x3D
                 	.EQU SPH=0x3E
                 	.EQU SREG=0x3F
                 
                 	.DEF R0X0=R0
                 	.DEF R0X1=R1
                 	.DEF R0X2=R2
                 	.DEF R0X3=R3
                 	.DEF R0X4=R4
                 	.DEF R0X5=R5
                 	.DEF R0X6=R6
                 	.DEF R0X7=R7
                 	.DEF R0X8=R8
                 	.DEF R0X9=R9
                 	.DEF R0XA=R10
                 	.DEF R0XB=R11
                 	.DEF R0XC=R12
                 	.DEF R0XD=R13
                 	.DEF R0XE=R14
                 	.DEF R0XF=R15
                 	.DEF R0X10=R16
                 	.DEF R0X11=R17
                 	.DEF R0X12=R18
                 	.DEF R0X13=R19
                 	.DEF R0X14=R20
                 	.DEF R0X15=R21
                 	.DEF R0X16=R22
                 	.DEF R0X17=R23
                 	.DEF R0X18=R24
                 	.DEF R0X19=R25
                 	.DEF R0X1A=R26
                 	.DEF R0X1B=R27
                 	.DEF R0X1C=R28
                 	.DEF R0X1D=R29
                 	.DEF R0X1E=R30
                 	.DEF R0X1F=R31
                 
                 	.EQU __SRAM_START=0x0060
                 	.EQU __SRAM_END=0x085F
                 	.EQU __DSTACK_SIZE=0x0200
                 	.EQU __HEAP_SIZE=0x0000
                 	.EQU __CLEAR_SRAM_SIZE=__SRAM_END-__SRAM_START+1
                 
                 	.MACRO __CPD1N
                 	CPI  R30,LOW(@0)
                 	LDI  R26,HIGH(@0)
                 	CPC  R31,R26
                 	LDI  R26,BYTE3(@0)
                 	CPC  R22,R26
                 	LDI  R26,BYTE4(@0)
                 	CPC  R23,R26
                 	.ENDM
                 
                 	.MACRO __CPD2N
                 	CPI  R26,LOW(@0)
                 	LDI  R30,HIGH(@0)
                 	CPC  R27,R30
                 	LDI  R30,BYTE3(@0)
                 	CPC  R24,R30
                 	LDI  R30,BYTE4(@0)
                 	CPC  R25,R30
                 	.ENDM
                 
                 	.MACRO __CPWRR
                 	CP   R@0,R@2
                 	CPC  R@1,R@3
                 	.ENDM
                 
                 	.MACRO __CPWRN
                 	CPI  R@0,LOW(@2)
                 	LDI  R30,HIGH(@2)
                 	CPC  R@1,R30
                 	.ENDM
                 
                 	.MACRO __ADDB1MN
                 	SUBI R30,LOW(-@0-(@1))
                 	.ENDM
                 
                 	.MACRO __ADDB2MN
                 	SUBI R26,LOW(-@0-(@1))
                 	.ENDM
                 
                 	.MACRO __ADDW1MN
                 	SUBI R30,LOW(-@0-(@1))
                 	SBCI R31,HIGH(-@0-(@1))
                 	.ENDM
                 
                 	.MACRO __ADDW2MN
                 	SUBI R26,LOW(-@0-(@1))
                 	SBCI R27,HIGH(-@0-(@1))
                 	.ENDM
                 
                 	.MACRO __ADDW1FN
                 	SUBI R30,LOW(-2*@0-(@1))
                 	SBCI R31,HIGH(-2*@0-(@1))
                 	.ENDM
                 
                 	.MACRO __ADDD1FN
                 	SUBI R30,LOW(-2*@0-(@1))
                 	SBCI R31,HIGH(-2*@0-(@1))
                 	SBCI R22,BYTE3(-2*@0-(@1))
                 	.ENDM
                 
                 	.MACRO __ADDD1N
                 	SUBI R30,LOW(-@0)
                 	SBCI R31,HIGH(-@0)
                 	SBCI R22,BYTE3(-@0)
                 	SBCI R23,BYTE4(-@0)
                 	.ENDM
                 
                 	.MACRO __ADDD2N
                 	SUBI R26,LOW(-@0)
                 	SBCI R27,HIGH(-@0)
                 	SBCI R24,BYTE3(-@0)
                 	SBCI R25,BYTE4(-@0)
                 	.ENDM
                 
                 	.MACRO __SUBD1N
                 	SUBI R30,LOW(@0)
                 	SBCI R31,HIGH(@0)
                 	SBCI R22,BYTE3(@0)
                 	SBCI R23,BYTE4(@0)
                 	.ENDM
                 
                 	.MACRO __SUBD2N
                 	SUBI R26,LOW(@0)
                 	SBCI R27,HIGH(@0)
                 	SBCI R24,BYTE3(@0)
                 	SBCI R25,BYTE4(@0)
                 	.ENDM
                 
                 	.MACRO __ANDBMNN
                 	LDS  R30,@0+(@1)
                 	ANDI R30,LOW(@2)
                 	STS  @0+(@1),R30
                 	.ENDM
                 
                 	.MACRO __ANDWMNN
                 	LDS  R30,@0+(@1)
                 	ANDI R30,LOW(@2)
                 	STS  @0+(@1),R30
                 	LDS  R30,@0+(@1)+1
                 	ANDI R30,HIGH(@2)
                 	STS  @0+(@1)+1,R30
                 	.ENDM
                 
                 	.MACRO __ANDD1N
                 	ANDI R30,LOW(@0)
                 	ANDI R31,HIGH(@0)
                 	ANDI R22,BYTE3(@0)
                 	ANDI R23,BYTE4(@0)
                 	.ENDM
                 
                 	.MACRO __ANDD2N
                 	ANDI R26,LOW(@0)
                 	ANDI R27,HIGH(@0)
                 	ANDI R24,BYTE3(@0)
                 	ANDI R25,BYTE4(@0)
                 	.ENDM
                 
                 	.MACRO __ORBMNN
                 	LDS  R30,@0+(@1)
                 	ORI  R30,LOW(@2)
                 	STS  @0+(@1),R30
                 	.ENDM
                 
                 	.MACRO __ORWMNN
                 	LDS  R30,@0+(@1)
                 	ORI  R30,LOW(@2)
                 	STS  @0+(@1),R30
                 	LDS  R30,@0+(@1)+1
                 	ORI  R30,HIGH(@2)
                 	STS  @0+(@1)+1,R30
                 	.ENDM
                 
                 	.MACRO __ORD1N
                 	ORI  R30,LOW(@0)
                 	ORI  R31,HIGH(@0)
                 	ORI  R22,BYTE3(@0)
                 	ORI  R23,BYTE4(@0)
                 	.ENDM
                 
                 	.MACRO __ORD2N
                 	ORI  R26,LOW(@0)
                 	ORI  R27,HIGH(@0)
                 	ORI  R24,BYTE3(@0)
                 	ORI  R25,BYTE4(@0)
                 	.ENDM
                 
                 	.MACRO __DELAY_USB
                 	LDI  R24,LOW(@0)
                 __DELAY_USB_LOOP:
                 	DEC  R24
                 	BRNE __DELAY_USB_LOOP
                 	.ENDM
                 
                 	.MACRO __DELAY_USW
                 	LDI  R24,LOW(@0)
                 	LDI  R25,HIGH(@0)
                 __DELAY_USW_LOOP:
                 	SBIW R24,1
                 	BRNE __DELAY_USW_LOOP
                 	.ENDM
                 
                 	.MACRO __GETD1S
                 	LDD  R30,Y+@0
                 	LDD  R31,Y+@0+1
                 	LDD  R22,Y+@0+2
                 	LDD  R23,Y+@0+3
                 	.ENDM
                 
                 	.MACRO __GETD2S
                 	LDD  R26,Y+@0
                 	LDD  R27,Y+@0+1
                 	LDD  R24,Y+@0+2
                 	LDD  R25,Y+@0+3
                 	.ENDM
                 
                 	.MACRO __PUTD1S
                 	STD  Y+@0,R30
                 	STD  Y+@0+1,R31
                 	STD  Y+@0+2,R22
                 	STD  Y+@0+3,R23
                 	.ENDM
                 
                 	.MACRO __PUTD2S
                 	STD  Y+@0,R26
                 	STD  Y+@0+1,R27
                 	STD  Y+@0+2,R24
                 	STD  Y+@0+3,R25
                 	.ENDM
                 
                 	.MACRO __PUTDZ2
                 	STD  Z+@0,R26
                 	STD  Z+@0+1,R27
                 	STD  Z+@0+2,R24
                 	STD  Z+@0+3,R25
                 	.ENDM
                 
                 	.MACRO __CLRD1S
                 	STD  Y+@0,R30
                 	STD  Y+@0+1,R30
                 	STD  Y+@0+2,R30
                 	STD  Y+@0+3,R30
                 	.ENDM
                 
                 	.MACRO __POINTB1MN
                 	LDI  R30,LOW(@0+(@1))
                 	.ENDM
                 
                 	.MACRO __POINTW1MN
                 	LDI  R30,LOW(@0+(@1))
                 	LDI  R31,HIGH(@0+(@1))
                 	.ENDM
                 
                 	.MACRO __POINTD1M
                 	LDI  R30,LOW(@0)
                 	LDI  R31,HIGH(@0)
                 	LDI  R22,BYTE3(@0)
                 	LDI  R23,BYTE4(@0)
                 	.ENDM
                 
                 	.MACRO __POINTW1FN
                 	LDI  R30,LOW(2*@0+(@1))
                 	LDI  R31,HIGH(2*@0+(@1))
                 	.ENDM
                 
                 	.MACRO __POINTD1FN
                 	LDI  R30,LOW(2*@0+(@1))
                 	LDI  R31,HIGH(2*@0+(@1))
                 	LDI  R22,BYTE3(2*@0+(@1))
                 	LDI  R23,BYTE4(2*@0+(@1))
                 	.ENDM
                 
                 	.MACRO __POINTB2MN
                 	LDI  R26,LOW(@0+(@1))
                 	.ENDM
                 
                 	.MACRO __POINTW2MN
                 	LDI  R26,LOW(@0+(@1))
                 	LDI  R27,HIGH(@0+(@1))
                 	.ENDM
                 
                 	.MACRO __POINTW2FN
                 	LDI  R26,LOW(2*@0+(@1))
                 	LDI  R27,HIGH(2*@0+(@1))
                 	.ENDM
                 
                 	.MACRO __POINTD2FN
                 	LDI  R26,LOW(2*@0+(@1))
                 	LDI  R27,HIGH(2*@0+(@1))
                 	LDI  R24,BYTE3(2*@0+(@1))
                 	LDI  R25,BYTE4(2*@0+(@1))
                 	.ENDM
                 
                 	.MACRO __POINTBRM
                 	LDI  R@0,LOW(@1)
                 	.ENDM
                 
                 	.MACRO __POINTWRM
                 	LDI  R@0,LOW(@2)
                 	LDI  R@1,HIGH(@2)
                 	.ENDM
                 
                 	.MACRO __POINTBRMN
                 	LDI  R@0,LOW(@1+(@2))
                 	.ENDM
                 
                 	.MACRO __POINTWRMN
                 	LDI  R@0,LOW(@2+(@3))
                 	LDI  R@1,HIGH(@2+(@3))
                 	.ENDM
                 
                 	.MACRO __POINTWRFN
                 	LDI  R@0,LOW(@2*2+(@3))
                 	LDI  R@1,HIGH(@2*2+(@3))
                 	.ENDM
                 
                 	.MACRO __GETD1N
                 	LDI  R30,LOW(@0)
                 	LDI  R31,HIGH(@0)
                 	LDI  R22,BYTE3(@0)
                 	LDI  R23,BYTE4(@0)
                 	.ENDM
                 
                 	.MACRO __GETD2N
                 	LDI  R26,LOW(@0)
                 	LDI  R27,HIGH(@0)
                 	LDI  R24,BYTE3(@0)
                 	LDI  R25,BYTE4(@0)
                 	.ENDM
                 
                 	.MACRO __GETB1MN
                 	LDS  R30,@0+(@1)
                 	.ENDM
                 
                 	.MACRO __GETB1HMN
                 	LDS  R31,@0+(@1)
                 	.ENDM
                 
                 	.MACRO __GETW1MN
                 	LDS  R30,@0+(@1)
                 	LDS  R31,@0+(@1)+1
                 	.ENDM
                 
                 	.MACRO __GETD1MN
                 	LDS  R30,@0+(@1)
                 	LDS  R31,@0+(@1)+1
                 	LDS  R22,@0+(@1)+2
                 	LDS  R23,@0+(@1)+3
                 	.ENDM
                 
                 	.MACRO __GETBRMN
                 	LDS  R@0,@1+(@2)
                 	.ENDM
                 
                 	.MACRO __GETWRMN
                 	LDS  R@0,@2+(@3)
                 	LDS  R@1,@2+(@3)+1
                 	.ENDM
                 
                 	.MACRO __GETWRZ
                 	LDD  R@0,Z+@2
                 	LDD  R@1,Z+@2+1
                 	.ENDM
                 
                 	.MACRO __GETD2Z
                 	LDD  R26,Z+@0
                 	LDD  R27,Z+@0+1
                 	LDD  R24,Z+@0+2
                 	LDD  R25,Z+@0+3
                 	.ENDM
                 
                 	.MACRO __GETB2MN
                 	LDS  R26,@0+(@1)
                 	.ENDM
                 
                 	.MACRO __GETW2MN
                 	LDS  R26,@0+(@1)
                 	LDS  R27,@0+(@1)+1
                 	.ENDM
                 
                 	.MACRO __GETD2MN
                 	LDS  R26,@0+(@1)
                 	LDS  R27,@0+(@1)+1
                 	LDS  R24,@0+(@1)+2
                 	LDS  R25,@0+(@1)+3
                 	.ENDM
                 
                 	.MACRO __PUTB1MN
                 	STS  @0+(@1),R30
                 	.ENDM
                 
                 	.MACRO __PUTW1MN
                 	STS  @0+(@1),R30
                 	STS  @0+(@1)+1,R31
                 	.ENDM
                 
                 	.MACRO __PUTD1MN
                 	STS  @0+(@1),R30
                 	STS  @0+(@1)+1,R31
                 	STS  @0+(@1)+2,R22
                 	STS  @0+(@1)+3,R23
                 	.ENDM
                 
                 	.MACRO __PUTB1EN
                 	LDI  R26,LOW(@0+(@1))
                 	LDI  R27,HIGH(@0+(@1))
                 	CALL __EEPROMWRB
                 	.ENDM
                 
                 	.MACRO __PUTW1EN
                 	LDI  R26,LOW(@0+(@1))
                 	LDI  R27,HIGH(@0+(@1))
                 	CALL __EEPROMWRW
                 	.ENDM
                 
                 	.MACRO __PUTD1EN
                 	LDI  R26,LOW(@0+(@1))
                 	LDI  R27,HIGH(@0+(@1))
                 	CALL __EEPROMWRD
                 	.ENDM
                 
                 	.MACRO __PUTBR0MN
                 	STS  @0+(@1),R0
                 	.ENDM
                 
                 	.MACRO __PUTBMRN
                 	STS  @0+(@1),R@2
                 	.ENDM
                 
                 	.MACRO __PUTWMRN
                 	STS  @0+(@1),R@2
                 	STS  @0+(@1)+1,R@3
                 	.ENDM
                 
                 	.MACRO __PUTBZR
                 	STD  Z+@1,R@0
                 	.ENDM
                 
                 	.MACRO __PUTWZR
                 	STD  Z+@2,R@0
                 	STD  Z+@2+1,R@1
                 	.ENDM
                 
                 	.MACRO __GETW1R
                 	MOV  R30,R@0
                 	MOV  R31,R@1
                 	.ENDM
                 
                 	.MACRO __GETW2R
                 	MOV  R26,R@0
                 	MOV  R27,R@1
                 	.ENDM
                 
                 	.MACRO __GETWRN
                 	LDI  R@0,LOW(@2)
                 	LDI  R@1,HIGH(@2)
                 	.ENDM
                 
                 	.MACRO __PUTW1R
                 	MOV  R@0,R30
                 	MOV  R@1,R31
                 	.ENDM
                 
                 	.MACRO __PUTW2R
                 	MOV  R@0,R26
                 	MOV  R@1,R27
                 	.ENDM
                 
                 	.MACRO __ADDWRN
                 	SUBI R@0,LOW(-@2)
                 	SBCI R@1,HIGH(-@2)
                 	.ENDM
                 
                 	.MACRO __ADDWRR
                 	ADD  R@0,R@2
                 	ADC  R@1,R@3
                 	.ENDM
                 
                 	.MACRO __SUBWRN
                 	SUBI R@0,LOW(@2)
                 	SBCI R@1,HIGH(@2)
                 	.ENDM
                 
                 	.MACRO __SUBWRR
                 	SUB  R@0,R@2
                 	SBC  R@1,R@3
                 	.ENDM
                 
                 	.MACRO __ANDWRN
                 	ANDI R@0,LOW(@2)
                 	ANDI R@1,HIGH(@2)
                 	.ENDM
                 
                 	.MACRO __ANDWRR
                 	AND  R@0,R@2
                 	AND  R@1,R@3
                 	.ENDM
                 
                 	.MACRO __ORWRN
                 	ORI  R@0,LOW(@2)
                 	ORI  R@1,HIGH(@2)
                 	.ENDM
                 
                 	.MACRO __ORWRR
                 	OR   R@0,R@2
                 	OR   R@1,R@3
                 	.ENDM
                 
                 	.MACRO __EORWRR
                 	EOR  R@0,R@2
                 	EOR  R@1,R@3
                 	.ENDM
                 
                 	.MACRO __GETWRS
                 	LDD  R@0,Y+@2
                 	LDD  R@1,Y+@2+1
                 	.ENDM
                 
                 	.MACRO __PUTBSR
                 	STD  Y+@1,R@0
                 	.ENDM
                 
                 	.MACRO __PUTWSR
                 	STD  Y+@2,R@0
                 	STD  Y+@2+1,R@1
                 	.ENDM
                 
                 	.MACRO __MOVEWRR
                 	MOV  R@0,R@2
                 	MOV  R@1,R@3
                 	.ENDM
                 
                 	.MACRO __INWR
                 	IN   R@0,@2
                 	IN   R@1,@2+1
                 	.ENDM
                 
                 	.MACRO __OUTWR
                 	OUT  @2+1,R@1
                 	OUT  @2,R@0
                 	.ENDM
                 
                 	.MACRO __CALL1MN
                 	LDS  R30,@0+(@1)
                 	LDS  R31,@0+(@1)+1
                 	ICALL
                 	.ENDM
                 
                 	.MACRO __CALL1FN
                 	LDI  R30,LOW(2*@0+(@1))
                 	LDI  R31,HIGH(2*@0+(@1))
                 	CALL __GETW1PF
                 	ICALL
                 	.ENDM
                 
                 	.MACRO __CALL2EN
                 	PUSH R26
                 	PUSH R27
                 	LDI  R26,LOW(@0+(@1))
                 	LDI  R27,HIGH(@0+(@1))
                 	CALL __EEPROMRDW
                 	POP  R27
                 	POP  R26
                 	ICALL
                 	.ENDM
                 
                 	.MACRO __CALL2EX
                 	SUBI R26,LOW(-@0)
                 	SBCI R27,HIGH(-@0)
                 	CALL __EEPROMRDD
                 	ICALL
                 	.ENDM
                 
                 	.MACRO __GETW1STACK
                 	IN   R30,SPL
                 	IN   R31,SPH
                 	ADIW R30,@0+1
                 	LD   R0,Z+
                 	LD   R31,Z
                 	MOV  R30,R0
                 	.ENDM
                 
                 	.MACRO __GETD1STACK
                 	IN   R30,SPL
                 	IN   R31,SPH
                 	ADIW R30,@0+1
                 	LD   R0,Z+
                 	LD   R1,Z+
                 	LD   R22,Z
                 	MOVW R30,R0
                 	.ENDM
                 
                 	.MACRO __NBST
                 	BST  R@0,@1
                 	IN   R30,SREG
                 	LDI  R31,0x40
                 	EOR  R30,R31
                 	OUT  SREG,R30
                 	.ENDM
                 
                 
                 	.MACRO __PUTB1SN
                 	LDD  R26,Y+@0
                 	LDD  R27,Y+@0+1
                 	SUBI R26,LOW(-@1)
                 	SBCI R27,HIGH(-@1)
                 	ST   X,R30
                 	.ENDM
                 
                 	.MACRO __PUTW1SN
                 	LDD  R26,Y+@0
                 	LDD  R27,Y+@0+1
                 	SUBI R26,LOW(-@1)
                 	SBCI R27,HIGH(-@1)
                 	ST   X+,R30
                 	ST   X,R31
                 	.ENDM
                 
                 	.MACRO __PUTD1SN
                 	LDD  R26,Y+@0
                 	LDD  R27,Y+@0+1
                 	SUBI R26,LOW(-@1)
                 	SBCI R27,HIGH(-@1)
                 	CALL __PUTDP1
                 	.ENDM
                 
                 	.MACRO __PUTB1SNS
                 	LDD  R26,Y+@0
                 	LDD  R27,Y+@0+1
                 	ADIW R26,@1
                 	ST   X,R30
                 	.ENDM
                 
                 	.MACRO __PUTW1SNS
                 	LDD  R26,Y+@0
                 	LDD  R27,Y+@0+1
                 	ADIW R26,@1
                 	ST   X+,R30
                 	ST   X,R31
                 	.ENDM
                 
                 	.MACRO __PUTD1SNS
                 	LDD  R26,Y+@0
                 	LDD  R27,Y+@0+1
                 	ADIW R26,@1
                 	CALL __PUTDP1
                 	.ENDM
                 
                 	.MACRO __PUTB1PMN
                 	LDS  R26,@0
                 	LDS  R27,@0+1
                 	SUBI R26,LOW(-@1)
                 	SBCI R27,HIGH(-@1)
                 	ST   X,R30
                 	.ENDM
                 
                 	.MACRO __PUTW1PMN
                 	LDS  R26,@0
                 	LDS  R27,@0+1
                 	SUBI R26,LOW(-@1)
                 	SBCI R27,HIGH(-@1)
                 	ST   X+,R30
                 	ST   X,R31
                 	.ENDM
                 
                 	.MACRO __PUTD1PMN
                 	LDS  R26,@0
                 	LDS  R27,@0+1
                 	SUBI R26,LOW(-@1)
                 	SBCI R27,HIGH(-@1)
                 	CALL __PUTDP1
                 	.ENDM
                 
                 	.MACRO __PUTB1PMNS
                 	LDS  R26,@0
                 	LDS  R27,@0+1
                 	ADIW R26,@1
                 	ST   X,R30
                 	.ENDM
                 
                 	.MACRO __PUTW1PMNS
                 	LDS  R26,@0
                 	LDS  R27,@0+1
                 	ADIW R26,@1
                 	ST   X+,R30
                 	ST   X,R31
                 	.ENDM
                 
                 	.MACRO __PUTD1PMNS
                 	LDS  R26,@0
                 	LDS  R27,@0+1
                 	ADIW R26,@1
                 	CALL __PUTDP1
                 	.ENDM
                 
                 	.MACRO __PUTB1RN
                 	MOVW R26,R@0
                 	SUBI R26,LOW(-@1)
                 	SBCI R27,HIGH(-@1)
                 	ST   X,R30
                 	.ENDM
                 
                 	.MACRO __PUTW1RN
                 	MOVW R26,R@0
                 	SUBI R26,LOW(-@1)
                 	SBCI R27,HIGH(-@1)
                 	ST   X+,R30
                 	ST   X,R31
                 	.ENDM
                 
                 	.MACRO __PUTD1RN
                 	MOVW R26,R@0
                 	SUBI R26,LOW(-@1)
                 	SBCI R27,HIGH(-@1)
                 	CALL __PUTDP1
                 	.ENDM
                 
                 	.MACRO __PUTB1RNS
                 	MOVW R26,R@0
                 	ADIW R26,@1
                 	ST   X,R30
                 	.ENDM
                 
                 	.MACRO __PUTW1RNS
                 	MOVW R26,R@0
                 	ADIW R26,@1
                 	ST   X+,R30
                 	ST   X,R31
                 	.ENDM
                 
                 	.MACRO __PUTD1RNS
                 	MOVW R26,R@0
                 	ADIW R26,@1
                 	CALL __PUTDP1
                 	.ENDM
                 
                 	.MACRO __PUTB1RON
                 	MOV  R26,R@0
                 	MOV  R27,R@1
                 	SUBI R26,LOW(-@2)
                 	SBCI R27,HIGH(-@2)
                 	ST   X,R30
                 	.ENDM
                 
                 	.MACRO __PUTW1RON
                 	MOV  R26,R@0
                 	MOV  R27,R@1
                 	SUBI R26,LOW(-@2)
                 	SBCI R27,HIGH(-@2)
                 	ST   X+,R30
                 	ST   X,R31
                 	.ENDM
                 
                 	.MACRO __PUTD1RON
                 	MOV  R26,R@0
                 	MOV  R27,R@1
                 	SUBI R26,LOW(-@2)
                 	SBCI R27,HIGH(-@2)
                 	CALL __PUTDP1
                 	.ENDM
                 
                 	.MACRO __PUTB1RONS
                 	MOV  R26,R@0
                 	MOV  R27,R@1
                 	ADIW R26,@2
                 	ST   X,R30
                 	.ENDM
                 
                 	.MACRO __PUTW1RONS
                 	MOV  R26,R@0
                 	MOV  R27,R@1
                 	ADIW R26,@2
                 	ST   X+,R30
                 	ST   X,R31
                 	.ENDM
                 
                 	.MACRO __PUTD1RONS
                 	MOV  R26,R@0
                 	MOV  R27,R@1
                 	ADIW R26,@2
                 	CALL __PUTDP1
                 	.ENDM
                 
                 
                 	.MACRO __GETB1SX
                 	MOVW R30,R28
                 	SUBI R30,LOW(-@0)
                 	SBCI R31,HIGH(-@0)
                 	LD   R30,Z
                 	.ENDM
                 
                 	.MACRO __GETB1HSX
                 	MOVW R30,R28
                 	SUBI R30,LOW(-@0)
                 	SBCI R31,HIGH(-@0)
                 	LD   R31,Z
                 	.ENDM
                 
                 	.MACRO __GETW1SX
                 	MOVW R30,R28
                 	SUBI R30,LOW(-@0)
                 	SBCI R31,HIGH(-@0)
                 	LD   R0,Z+
                 	LD   R31,Z
                 	MOV  R30,R0
                 	.ENDM
                 
                 	.MACRO __GETD1SX
                 	MOVW R30,R28
                 	SUBI R30,LOW(-@0)
                 	SBCI R31,HIGH(-@0)
                 	LD   R0,Z+
                 	LD   R1,Z+
                 	LD   R22,Z+
                 	LD   R23,Z
                 	MOVW R30,R0
                 	.ENDM
                 
                 	.MACRO __GETB2SX
                 	MOVW R26,R28
                 	SUBI R26,LOW(-@0)
                 	SBCI R27,HIGH(-@0)
                 	LD   R26,X
                 	.ENDM
                 
                 	.MACRO __GETW2SX
                 	MOVW R26,R28
                 	SUBI R26,LOW(-@0)
                 	SBCI R27,HIGH(-@0)
                 	LD   R0,X+
                 	LD   R27,X
                 	MOV  R26,R0
                 	.ENDM
                 
                 	.MACRO __GETD2SX
                 	MOVW R26,R28
                 	SUBI R26,LOW(-@0)
                 	SBCI R27,HIGH(-@0)
                 	LD   R0,X+
                 	LD   R1,X+
                 	LD   R24,X+
                 	LD   R25,X
                 	MOVW R26,R0
                 	.ENDM
                 
                 	.MACRO __GETBRSX
                 	MOVW R30,R28
                 	SUBI R30,LOW(-@1)
                 	SBCI R31,HIGH(-@1)
                 	LD   R@0,Z
                 	.ENDM
                 
                 	.MACRO __GETWRSX
                 	MOVW R30,R28
                 	SUBI R30,LOW(-@2)
                 	SBCI R31,HIGH(-@2)
                 	LD   R@0,Z+
                 	LD   R@1,Z
                 	.ENDM
                 
                 	.MACRO __GETBRSX2
                 	MOVW R26,R28
                 	SUBI R26,LOW(-@1)
                 	SBCI R27,HIGH(-@1)
                 	LD   R@0,X
                 	.ENDM
                 
                 	.MACRO __GETWRSX2
                 	MOVW R26,R28
                 	SUBI R26,LOW(-@2)
                 	SBCI R27,HIGH(-@2)
                 	LD   R@0,X+
                 	LD   R@1,X
                 	.ENDM
                 
                 	.MACRO __LSLW8SX
                 	MOVW R30,R28
                 	SUBI R30,LOW(-@0)
                 	SBCI R31,HIGH(-@0)
                 	LD   R31,Z
                 	CLR  R30
                 	.ENDM
                 
                 	.MACRO __PUTB1SX
                 	MOVW R26,R28
                 	SUBI R26,LOW(-@0)
                 	SBCI R27,HIGH(-@0)
                 	ST   X,R30
                 	.ENDM
                 
                 	.MACRO __PUTW1SX
                 	MOVW R26,R28
                 	SUBI R26,LOW(-@0)
                 	SBCI R27,HIGH(-@0)
                 	ST   X+,R30
                 	ST   X,R31
                 	.ENDM
                 
                 	.MACRO __PUTD1SX
                 	MOVW R26,R28
                 	SUBI R26,LOW(-@0)
                 	SBCI R27,HIGH(-@0)
                 	ST   X+,R30
                 	ST   X+,R31
                 	ST   X+,R22
                 	ST   X,R23
                 	.ENDM
                 
                 	.MACRO __CLRW1SX
                 	MOVW R26,R28
                 	SUBI R26,LOW(-@0)
                 	SBCI R27,HIGH(-@0)
                 	ST   X+,R30
                 	ST   X,R30
                 	.ENDM
                 
                 	.MACRO __CLRD1SX
                 	MOVW R26,R28
                 	SUBI R26,LOW(-@0)
                 	SBCI R27,HIGH(-@0)
                 	ST   X+,R30
                 	ST   X+,R30
                 	ST   X+,R30
                 	ST   X,R30
                 	.ENDM
                 
                 	.MACRO __PUTB2SX
                 	MOVW R30,R28
                 	SUBI R30,LOW(-@0)
                 	SBCI R31,HIGH(-@0)
                 	ST   Z,R26
                 	.ENDM
                 
                 	.MACRO __PUTW2SX
                 	MOVW R30,R28
                 	SUBI R30,LOW(-@0)
                 	SBCI R31,HIGH(-@0)
                 	ST   Z+,R26
                 	ST   Z,R27
                 	.ENDM
                 
                 	.MACRO __PUTD2SX
                 	MOVW R30,R28
                 	SUBI R30,LOW(-@0)
                 	SBCI R31,HIGH(-@0)
                 	ST   Z+,R26
                 	ST   Z+,R27
                 	ST   Z+,R24
                 	ST   Z,R25
                 	.ENDM
                 
                 	.MACRO __PUTBSRX
                 	MOVW R30,R28
                 	SUBI R30,LOW(-@1)
                 	SBCI R31,HIGH(-@1)
                 	ST   Z,R@0
                 	.ENDM
                 
                 	.MACRO __PUTWSRX
                 	MOVW R30,R28
                 	SUBI R30,LOW(-@2)
                 	SBCI R31,HIGH(-@2)
                 	ST   Z+,R@0
                 	ST   Z,R@1
                 	.ENDM
                 
                 	.MACRO __PUTB1SNX
                 	MOVW R26,R28
                 	SUBI R26,LOW(-@0)
                 	SBCI R27,HIGH(-@0)
                 	LD   R0,X+
                 	LD   R27,X
                 	MOV  R26,R0
                 	SUBI R26,LOW(-@1)
                 	SBCI R27,HIGH(-@1)
                 	ST   X,R30
                 	.ENDM
                 
                 	.MACRO __PUTW1SNX
                 	MOVW R26,R28
                 	SUBI R26,LOW(-@0)
                 	SBCI R27,HIGH(-@0)
                 	LD   R0,X+
                 	LD   R27,X
                 	MOV  R26,R0
                 	SUBI R26,LOW(-@1)
                 	SBCI R27,HIGH(-@1)
                 	ST   X+,R30
                 	ST   X,R31
                 	.ENDM
                 
                 	.MACRO __PUTD1SNX
                 	MOVW R26,R28
                 	SUBI R26,LOW(-@0)
                 	SBCI R27,HIGH(-@0)
                 	LD   R0,X+
                 	LD   R27,X
                 	MOV  R26,R0
                 	SUBI R26,LOW(-@1)
                 	SBCI R27,HIGH(-@1)
                 	ST   X+,R30
                 	ST   X+,R31
                 	ST   X+,R22
                 	ST   X,R23
                 	.ENDM
                 
                 	.MACRO __MULBRR
                 	MULS R@0,R@1
                 	MOVW R30,R0
                 	.ENDM
                 
                 	.MACRO __MULBRRU
                 	MUL  R@0,R@1
                 	MOVW R30,R0
                 	.ENDM
                 
                 	.MACRO __MULBRR0
                 	MULS R@0,R@1
                 	.ENDM
                 
                 	.MACRO __MULBRRU0
                 	MUL  R@0,R@1
                 	.ENDM
                 
                 	.MACRO __MULBNWRU
                 	LDI  R26,@2
                 	MUL  R26,R@0
                 	MOVW R30,R0
                 	MUL  R26,R@1
                 	ADD  R31,R0
                 	.ENDM
                 
                 ;NAME DEFINITIONS FOR GLOBAL VARIABLES ALLOCATED TO REGISTERS
                 	.DEF _period=R4
                 	.DEF _period_msb=R5
                 	.DEF _new_angle=R6
                 	.DEF _new_angle_msb=R7
                 	.DEF _current_angle=R8
                 	.DEF _current_angle_msb=R9
                 
                 	.CSEG
                 	.ORG 0x00
                 
                 ;START OF CODE MARKER
                 __START_OF_CODE:
                 
                 ;INTERRUPT VECTORS
000000 940c 003a 	JMP  __RESET
000002 940c 0000 	JMP  0x00
000004 940c 0000 	JMP  0x00
000006 940c 0067 	JMP  _ext_int2_isr
000008 940c 0000 	JMP  0x00
00000a 940c 0000 	JMP  0x00
00000c 940c 0000 	JMP  0x00
00000e 940c 0000 	JMP  0x00
000010 940c 0000 	JMP  0x00
000012 940c 0000 	JMP  0x00
000014 940c 0000 	JMP  0x00
000016 940c 0000 	JMP  0x00
000018 940c 0000 	JMP  0x00
00001a 940c 0000 	JMP  0x00
00001c 940c 0000 	JMP  0x00
00001e 940c 0000 	JMP  0x00
000020 940c 0000 	JMP  0x00
000022 940c 0000 	JMP  0x00
000024 940c 0000 	JMP  0x00
000026 940c 0000 	JMP  0x00
000028 940c 0000 	JMP  0x00
                 
                 ;GLOBAL REGISTER VARIABLES INITIALIZATION
                 __REG_VARS:
00002a 0064
00002b 0000      	.DB  0x64,0x0,0x0,0x0
00002c 0000      	.DB  0x0,0x0
                 
                 _0x2000060:
C:\Users\pooya\Documents\HW2_Embedded\Q2\Debug\List\Q2.asm(1130): warning: .cseg .db misalignment - padding zero byte
00002d 0001      	.DB  0x1
                 _0x2000000:
00002e 4e2d
00002f 4e41
000030 4900
000031 464e      	.DB  0x2D,0x4E,0x41,0x4E,0x0,0x49,0x4E,0x46
C:\Users\pooya\Documents\HW2_Embedded\Q2\Debug\List\Q2.asm(1133): warning: .cseg .db misalignment - padding zero byte
000032 0000      	.DB  0x0
                 
                 __GLOBAL_INI_TBL:
000033 0006      	.DW  0x06
000034 0004      	.DW  0x04
000035 0054      	.DW  __REG_VARS*2
                 
000036 0001      	.DW  0x01
000037 0260      	.DW  __seed_G100
000038 005a      	.DW  _0x2000060*2
                 
                 _0xFFFFFFFF:
000039 0000      	.DW  0
                 
                 #define __GLOBAL_INI_TBL_PRESENT 1
                 
                 __RESET:
00003a 94f8      	CLI
00003b 27ee      	CLR  R30
00003c bbec      	OUT  EECR,R30
                 
                 ;INTERRUPT VECTORS ARE PLACED
                 ;AT THE START OF FLASH
00003d e0f1      	LDI  R31,1
00003e bffb      	OUT  GICR,R31
00003f bfeb      	OUT  GICR,R30
000040 bfe5      	OUT  MCUCR,R30
                 
                 ;CLEAR R2-R14
000041 e08d      	LDI  R24,(14-2)+1
000042 e0a2      	LDI  R26,2
000043 27bb      	CLR  R27
                 __CLEAR_REG:
000044 93ed      	ST   X+,R30
000045 958a      	DEC  R24
000046 f7e9      	BRNE __CLEAR_REG
                 
                 ;CLEAR SRAM
000047 e080      	LDI  R24,LOW(__CLEAR_SRAM_SIZE)
000048 e098      	LDI  R25,HIGH(__CLEAR_SRAM_SIZE)
000049 e6a0      	LDI  R26,__SRAM_START
                 __CLEAR_SRAM:
00004a 93ed      	ST   X+,R30
00004b 9701      	SBIW R24,1
00004c f7e9      	BRNE __CLEAR_SRAM
                 
                 ;GLOBAL VARIABLES INITIALIZATION
00004d e6e6      	LDI  R30,LOW(__GLOBAL_INI_TBL*2)
00004e e0f0      	LDI  R31,HIGH(__GLOBAL_INI_TBL*2)
                 __GLOBAL_INI_NEXT:
00004f 9185      	LPM  R24,Z+
000050 9195      	LPM  R25,Z+
000051 9700      	SBIW R24,0
000052 f061      	BREQ __GLOBAL_INI_END
000053 91a5      	LPM  R26,Z+
000054 91b5      	LPM  R27,Z+
000055 9005      	LPM  R0,Z+
000056 9015      	LPM  R1,Z+
000057 01bf      	MOVW R22,R30
000058 01f0      	MOVW R30,R0
                 __GLOBAL_INI_LOOP:
000059 9005      	LPM  R0,Z+
00005a 920d      	ST   X+,R0
00005b 9701      	SBIW R24,1
00005c f7e1      	BRNE __GLOBAL_INI_LOOP
00005d 01fb      	MOVW R30,R22
00005e cff0      	RJMP __GLOBAL_INI_NEXT
                 __GLOBAL_INI_END:
                 
                 ;HARDWARE STACK POINTER INITIALIZATION
00005f e5ef      	LDI  R30,LOW(__SRAM_END-__HEAP_SIZE)
000060 bfed      	OUT  SPL,R30
000061 e0e8      	LDI  R30,HIGH(__SRAM_END-__HEAP_SIZE)
000062 bfee      	OUT  SPH,R30
                 
                 ;DATA STACK POINTER INITIALIZATION
000063 e6c0      	LDI  R28,LOW(__SRAM_START+__DSTACK_SIZE)
000064 e0d2      	LDI  R29,HIGH(__SRAM_START+__DSTACK_SIZE)
                 
000065 940c 0097 	JMP  _main
                 
                 	.ESEG
                 	.ORG 0
                 
                 	.DSEG
                 	.ORG 0x260
                 
                 	.CSEG
                 ;/*******************************************************
                 ;This program was created by the
                 ;CodeWizardAVR V3.12 Advanced
                 ;Automatic Program Generator
                 ;© Copyright 1998-2014 Pavel Haiduc, HP InfoTech s.r.l.
                 ;http://www.hpinfotech.com
                 ;
                 ;Project :
                 ;Version :
                 ;Date    : 12/23/2020
                 ;Author  :
                 ;Company :
                 ;Comments:
                 ;
                 ;
                 ;Chip type               : ATmega32
                 ;Program type            : Application
                 ;AVR Core Clock frequency: 8.000000 MHz
                 ;Memory model            : Small
                 ;External RAM size       : 0
                 ;Data Stack size         : 512
                 ;*******************************************************/
                 ;
                 ;#include <mega32.h>
                 	#ifndef __SLEEP_DEFINED__
                 	#define __SLEEP_DEFINED__
                 	.EQU __se_bit=0x80
                 	.EQU __sm_mask=0x70
                 	.EQU __sm_powerdown=0x20
                 	.EQU __sm_powersave=0x30
                 	.EQU __sm_standby=0x60
                 	.EQU __sm_ext_standby=0x70
                 	.EQU __sm_adc_noise_red=0x10
                 	.SET power_ctrl_reg=mcucr
                 	#endif
                 ;
                 ;#include <delay.h>
                 ;#include <stdlib.h>
                 ;// #include <stddef.h>
                 ;// Declare your global variables here
                 ;int period = 100;
                 ;int new_angle = 0;
                 ;int current_angle = 0;
                 ;// External Interrupt 2 service routine
                 ;interrupt [EXT_INT2] void ext_int2_isr(void)
                 ; 0000 0023 {
                 
                 	.CSEG
                 _ext_int2_isr:
                 ; .FSTART _ext_int2_isr
000067 920a      	ST   -Y,R0
000068 921a      	ST   -Y,R1
000069 92fa      	ST   -Y,R15
00006a 936a      	ST   -Y,R22
00006b 937a      	ST   -Y,R23
00006c 938a      	ST   -Y,R24
00006d 939a      	ST   -Y,R25
00006e 93aa      	ST   -Y,R26
00006f 93ba      	ST   -Y,R27
000070 93ea      	ST   -Y,R30
000071 93fa      	ST   -Y,R31
000072 b7ef      	IN   R30,SREG
000073 93ea      	ST   -Y,R30
                 ; 0000 0024     PORTD = 0b00001111;
000074 e0ef      	LDI  R30,LOW(15)
000075 bbe2      	OUT  0x12,R30
                 ; 0000 0025     delay_ms(3000);
000076 eba8      	LDI  R26,LOW(3000)
000077 e0bb      	LDI  R27,HIGH(3000)
000078 940e 0206 	CALL _delay_ms
                 ; 0000 0026 
                 ; 0000 0027 }
00007a 91e9      	LD   R30,Y+
00007b bfef      	OUT  SREG,R30
00007c 91f9      	LD   R31,Y+
00007d 91e9      	LD   R30,Y+
00007e 91b9      	LD   R27,Y+
00007f 91a9      	LD   R26,Y+
000080 9199      	LD   R25,Y+
000081 9189      	LD   R24,Y+
000082 9179      	LD   R23,Y+
000083 9169      	LD   R22,Y+
000084 90f9      	LD   R15,Y+
000085 9019      	LD   R1,Y+
000086 9009      	LD   R0,Y+
000087 9518      	RETI
                 ; .FEND
                 ;void steer(int pot_val);
                 ;void accelerate(int pot_value);
                 ;
                 ;void rotate_l_cw(int seq);
                 ;void rotate_l_ccw(int seq);
                 ;void rotate_r_cw(int seq);
                 ;void rotate_r_ccw(int seq);
                 ;// Voltage Reference: AREF pin
                 ;#define ADC_VREF_TYPE ((0<<REFS1) | (0<<REFS0) | (1<<ADLAR))
                 ;
                 ;// Read the 8 most significant bits
                 ;// of the AD conversion result
                 ;unsigned char read_adc(unsigned char channel)
                 ; 0000 0035 {
                 _read_adc:
                 ; .FSTART _read_adc
                 ; 0000 0036 
                 ; 0000 0037     ADMUX = 0x40 | (1 << ADLAR) | (channel & 0x07);
000088 93aa      	ST   -Y,R26
                 ;	channel -> Y+0
000089 81e8      	LD   R30,Y
00008a 70e7      	ANDI R30,LOW(0x7)
00008b 66e0      	ORI  R30,LOW(0x60)
00008c b9e7      	OUT  0x7,R30
                 ; 0000 0038 
                 ; 0000 0039     ADCSRA |= (1<<ADSC);
00008d 9a36      	SBI  0x6,6
                 ; 0000 003A 
                 ; 0000 003B     while ((ADCSRA & (1 << ADSC)));
                 _0x3:
00008e 9936      	SBIC 0x6,6
00008f cffe      	RJMP _0x3
                 ; 0000 003C 
                 ; 0000 003D     delay_ms(60);
000090 e3ac      	LDI  R26,LOW(60)
000091 e0b0      	LDI  R27,0
000092 940e 0206 	CALL _delay_ms
                 ; 0000 003E 
                 ; 0000 003F     return ADCH;
000094 b1e5      	IN   R30,0x5
000095 9621      	ADIW R28,1
000096 9508      	RET
                 ; 0000 0040 }
                 ; .FEND
                 ;
                 ;void main(void)
                 ; 0000 0043 {
                 _main:
                 ; .FSTART _main
                 ; 0000 0044 // Declare your local variables here
                 ; 0000 0045 
                 ; 0000 0046 // Input/Output Ports initialization
                 ; 0000 0047 // Port A initialization
                 ; 0000 0048 // Function: Bit7=In Bit6=In Bit5=In Bit4=In Bit3=In Bit2=In Bit1=In Bit0=In
                 ; 0000 0049 DDRA=(0<<DDA7) | (0<<DDA6) | (0<<DDA5) | (0<<DDA4) | (0<<DDA3) | (0<<DDA2) | (0<<DDA1) | (0<<DDA0);
000097 e0e0      	LDI  R30,LOW(0)
000098 bbea      	OUT  0x1A,R30
                 ; 0000 004A // State: Bit7=T Bit6=T Bit5=T Bit4=T Bit3=T Bit2=T Bit1=T Bit0=T
                 ; 0000 004B PORTA=(0<<PORTA7) | (0<<PORTA6) | (0<<PORTA5) | (0<<PORTA4) | (0<<PORTA3) | (0<<PORTA2) | (0<<PORTA1) | (0<<PORTA0);
000099 bbeb      	OUT  0x1B,R30
                 ; 0000 004C 
                 ; 0000 004D // Port B initialization
                 ; 0000 004E // Function: Bit7=In Bit6=In Bit5=In Bit4=Out Bit3=Out Bit2=In Bit1=In Bit0=In
                 ; 0000 004F DDRB=(0<<DDB7) | (0<<DDB6) | (0<<DDB5) | (1<<DDB4) | (1<<DDB3) | (0<<DDB2) | (0<<DDB1) | (0<<DDB0);
00009a e1e8      	LDI  R30,LOW(24)
00009b bbe7      	OUT  0x17,R30
                 ; 0000 0050 // State: Bit7=T Bit6=T Bit5=T Bit4=0 Bit3=0 Bit2=T Bit1=T Bit0=T
                 ; 0000 0051 PORTB=(0<<PORTB7) | (0<<PORTB6) | (0<<PORTB5) | (0<<PORTB4) | (0<<PORTB3) | (0<<PORTB2) | (0<<PORTB1) | (0<<PORTB0);
00009c e0e0      	LDI  R30,LOW(0)
00009d bbe8      	OUT  0x18,R30
                 ; 0000 0052 
                 ; 0000 0053 // Port C initialization
                 ; 0000 0054 // Function: Bit7=Out Bit6=Out Bit5=Out Bit4=Out Bit3=Out Bit2=Out Bit1=Out Bit0=Out
                 ; 0000 0055 DDRC=(1<<DDC7) | (1<<DDC6) | (1<<DDC5) | (1<<DDC4) | (1<<DDC3) | (1<<DDC2) | (1<<DDC1) | (1<<DDC0);
00009e efef      	LDI  R30,LOW(255)
00009f bbe4      	OUT  0x14,R30
                 ; 0000 0056 // State: Bit7=0 Bit6=0 Bit5=0 Bit4=0 Bit3=0 Bit2=0 Bit1=0 Bit0=0
                 ; 0000 0057 PORTC=(0<<PORTC7) | (0<<PORTC6) | (0<<PORTC5) | (0<<PORTC4) | (0<<PORTC3) | (0<<PORTC2) | (0<<PORTC1) | (0<<PORTC0);
0000a0 e0e0      	LDI  R30,LOW(0)
0000a1 bbe5      	OUT  0x15,R30
                 ; 0000 0058 
                 ; 0000 0059 // Port D initialization
                 ; 0000 005A // Function: Bit7=In Bit6=In Bit5=In Bit4=In Bit3=Out Bit2=Out Bit1=Out Bit0=Out
                 ; 0000 005B DDRD=(0<<DDD7) | (0<<DDD6) | (0<<DDD5) | (0<<DDD4) | (1<<DDD3) | (1<<DDD2) | (1<<DDD1) | (1<<DDD0);
0000a2 e0ef      	LDI  R30,LOW(15)
0000a3 bbe1      	OUT  0x11,R30
                 ; 0000 005C // State: Bit7=T Bit6=T Bit5=T Bit4=T Bit3=0 Bit2=0 Bit1=0 Bit0=0
                 ; 0000 005D PORTD=(0<<PORTD7) | (0<<PORTD6) | (0<<PORTD5) | (0<<PORTD4) | (0<<PORTD3) | (0<<PORTD2) | (0<<PORTD1) | (0<<PORTD0);
0000a4 e0e0      	LDI  R30,LOW(0)
0000a5 bbe2      	OUT  0x12,R30
                 ; 0000 005E 
                 ; 0000 005F // Timer/Counter 0 initialization
                 ; 0000 0060 // Clock source: System Clock
                 ; 0000 0061 // Clock value: 125.000 kHz
                 ; 0000 0062 // Mode: Fast PWM top=0xFF
                 ; 0000 0063 // OC0 output: Non-Inverted PWM
                 ; 0000 0064 // Timer Period: 2.048 ms
                 ; 0000 0065 // Output Pulse(s):
                 ; 0000 0066 // OC0 Period: 2.048 ms Width: 1.028 ms
                 ; 0000 0067 TCCR0=(1<<WGM00) | (1<<COM01) | (0<<COM00) | (1<<WGM01) | (0<<CS02) | (1<<CS01) | (1<<CS00);
0000a6 e6eb      	LDI  R30,LOW(107)
0000a7 bfe3      	OUT  0x33,R30
                 ; 0000 0068 TCNT0=0x00;
0000a8 e0e0      	LDI  R30,LOW(0)
0000a9 bfe2      	OUT  0x32,R30
                 ; 0000 0069 OCR0=0x80;
0000aa e8e0      	LDI  R30,LOW(128)
0000ab bfec      	OUT  0x3C,R30
                 ; 0000 006A 
                 ; 0000 006B // Timer/Counter 1 initialization
                 ; 0000 006C // Clock source: System Clock
                 ; 0000 006D // Clock value: Timer1 Stopped
                 ; 0000 006E // Mode: Normal top=0xFFFF
                 ; 0000 006F // OC1A output: Disconnected
                 ; 0000 0070 // OC1B output: Disconnected
                 ; 0000 0071 // Noise Canceler: Off
                 ; 0000 0072 // Input Capture on Falling Edge
                 ; 0000 0073 // Timer1 Overflow Interrupt: Off
                 ; 0000 0074 // Input Capture Interrupt: Off
                 ; 0000 0075 // Compare A Match Interrupt: Off
                 ; 0000 0076 // Compare B Match Interrupt: Off
                 ; 0000 0077 TCCR1A=(0<<COM1A1) | (0<<COM1A0) | (0<<COM1B1) | (0<<COM1B0) | (0<<WGM11) | (0<<WGM10);
0000ac e0e0      	LDI  R30,LOW(0)
0000ad bdef      	OUT  0x2F,R30
                 ; 0000 0078 TCCR1B=(0<<ICNC1) | (0<<ICES1) | (0<<WGM13) | (0<<WGM12) | (0<<CS12) | (0<<CS11) | (0<<CS10);
0000ae bdee      	OUT  0x2E,R30
                 ; 0000 0079 TCNT1H=0x00;
0000af bded      	OUT  0x2D,R30
                 ; 0000 007A TCNT1L=0x00;
0000b0 bdec      	OUT  0x2C,R30
                 ; 0000 007B ICR1H=0x00;
0000b1 bde7      	OUT  0x27,R30
                 ; 0000 007C ICR1L=0x00;
0000b2 bde6      	OUT  0x26,R30
                 ; 0000 007D OCR1AH=0x00;
0000b3 bdeb      	OUT  0x2B,R30
                 ; 0000 007E OCR1AL=0x00;
0000b4 bdea      	OUT  0x2A,R30
                 ; 0000 007F OCR1BH=0x00;
0000b5 bde9      	OUT  0x29,R30
                 ; 0000 0080 OCR1BL=0x00;
0000b6 bde8      	OUT  0x28,R30
                 ; 0000 0081 
                 ; 0000 0082 // Timer/Counter 2 initialization
                 ; 0000 0083 // Clock source: System Clock
                 ; 0000 0084 // Clock value: Timer2 Stopped
                 ; 0000 0085 // Mode: Normal top=0xFF
                 ; 0000 0086 // OC2 output: Disconnected
                 ; 0000 0087 ASSR=0<<AS2;
0000b7 bde2      	OUT  0x22,R30
                 ; 0000 0088 TCCR2=(0<<PWM2) | (0<<COM21) | (0<<COM20) | (0<<CTC2) | (0<<CS22) | (0<<CS21) | (0<<CS20);
0000b8 bde5      	OUT  0x25,R30
                 ; 0000 0089 TCNT2=0x00;
0000b9 bde4      	OUT  0x24,R30
                 ; 0000 008A OCR2=0x00;
0000ba bde3      	OUT  0x23,R30
                 ; 0000 008B 
                 ; 0000 008C // Timer(s)/Counter(s) Interrupt(s) initialization
                 ; 0000 008D TIMSK=(0<<OCIE2) | (0<<TOIE2) | (0<<TICIE1) | (0<<OCIE1A) | (0<<OCIE1B) | (0<<TOIE1) | (0<<OCIE0) | (0<<TOIE0);
0000bb bfe9      	OUT  0x39,R30
                 ; 0000 008E 
                 ; 0000 008F // External Interrupt(s) initialization
                 ; 0000 0090 // INT0: Off
                 ; 0000 0091 // INT1: Off
                 ; 0000 0092 // INT2: On
                 ; 0000 0093 // INT2 Mode: Rising Edge
                 ; 0000 0094 GICR|=(0<<INT1) | (0<<INT0) | (1<<INT2);
0000bc b7eb      	IN   R30,0x3B
0000bd 62e0      	ORI  R30,0x20
0000be bfeb      	OUT  0x3B,R30
                 ; 0000 0095 MCUCR=(0<<ISC11) | (0<<ISC10) | (0<<ISC01) | (0<<ISC00);
0000bf e0e0      	LDI  R30,LOW(0)
0000c0 bfe5      	OUT  0x35,R30
                 ; 0000 0096 MCUCSR=(1<<ISC2);
0000c1 e4e0      	LDI  R30,LOW(64)
0000c2 bfe4      	OUT  0x34,R30
                 ; 0000 0097 GIFR=(0<<INTF1) | (0<<INTF0) | (1<<INTF2);
0000c3 e2e0      	LDI  R30,LOW(32)
0000c4 bfea      	OUT  0x3A,R30
                 ; 0000 0098 
                 ; 0000 0099 // USART initialization
                 ; 0000 009A // USART disabled
                 ; 0000 009B UCSRB=(0<<RXCIE) | (0<<TXCIE) | (0<<UDRIE) | (0<<RXEN) | (0<<TXEN) | (0<<UCSZ2) | (0<<RXB8) | (0<<TXB8);
0000c5 e0e0      	LDI  R30,LOW(0)
0000c6 b9ea      	OUT  0xA,R30
                 ; 0000 009C 
                 ; 0000 009D // Analog Comparator initialization
                 ; 0000 009E // Analog Comparator: Off
                 ; 0000 009F // The Analog Comparator's positive input is
                 ; 0000 00A0 // connected to the AIN0 pin
                 ; 0000 00A1 // The Analog Comparator's negative input is
                 ; 0000 00A2 // connected to the AIN1 pin
                 ; 0000 00A3 ACSR=(1<<ACD) | (0<<ACBG) | (0<<ACO) | (0<<ACI) | (0<<ACIE) | (0<<ACIC) | (0<<ACIS1) | (0<<ACIS0);
0000c7 e8e0      	LDI  R30,LOW(128)
0000c8 b9e8      	OUT  0x8,R30
                 ; 0000 00A4 
                 ; 0000 00A5 // ADC initialization
                 ; 0000 00A6 // ADC Clock frequency: 1000.000 kHz
                 ; 0000 00A7 // ADC Voltage Reference: AREF pin
                 ; 0000 00A8 // ADC Auto Trigger Source: ADC Stopped
                 ; 0000 00A9 // Only the 8 most significant bits of
                 ; 0000 00AA // the AD conversion result are used
                 ; 0000 00AB ADMUX=ADC_VREF_TYPE;
0000c9 e2e0      	LDI  R30,LOW(32)
0000ca b9e7      	OUT  0x7,R30
                 ; 0000 00AC ADCSRA=(1<<ADEN) | (0<<ADSC) | (0<<ADATE) | (0<<ADIF) | (0<<ADIE) | (0<<ADPS2) | (1<<ADPS1) | (1<<ADPS0);
0000cb e8e3      	LDI  R30,LOW(131)
0000cc b9e6      	OUT  0x6,R30
                 ; 0000 00AD SFIOR=(0<<ADTS2) | (0<<ADTS1) | (0<<ADTS0);
0000cd e0e0      	LDI  R30,LOW(0)
0000ce bfe0      	OUT  0x30,R30
                 ; 0000 00AE 
                 ; 0000 00AF // SPI initialization
                 ; 0000 00B0 // SPI disabled
                 ; 0000 00B1 SPCR=(0<<SPIE) | (0<<SPE) | (0<<DORD) | (0<<MSTR) | (0<<CPOL) | (0<<CPHA) | (0<<SPR1) | (0<<SPR0);
0000cf b9ed      	OUT  0xD,R30
                 ; 0000 00B2 
                 ; 0000 00B3 // TWI initialization
                 ; 0000 00B4 // TWI disabled
                 ; 0000 00B5 TWCR=(0<<TWEA) | (0<<TWSTA) | (0<<TWSTO) | (0<<TWEN) | (0<<TWIE);
0000d0 bfe6      	OUT  0x36,R30
                 ; 0000 00B6 
                 ; 0000 00B7 // Global enable interrupts
                 ; 0000 00B8 #asm("sei")
0000d1 9478      	sei
                 ; 0000 00B9 
                 ; 0000 00BA while (1)
                 _0x6:
                 ; 0000 00BB       {
                 ; 0000 00BC 
                 ; 0000 00BD           int engine = read_adc(1);
                 ; 0000 00BE           int degree = read_adc(0);
                 ; 0000 00BF 
                 ; 0000 00C0           accelerate(engine);
0000d2 9724      	SBIW R28,4
                 ;	engine -> Y+2
                 ;	degree -> Y+0
0000d3 e0a1      	LDI  R26,LOW(1)
0000d4 dfb3      	RCALL _read_adc
0000d5 e0f0      	LDI  R31,0
0000d6 83ea      	STD  Y+2,R30
0000d7 83fb      	STD  Y+2+1,R31
0000d8 e0a0      	LDI  R26,LOW(0)
0000d9 dfae      	RCALL _read_adc
0000da e0f0      	LDI  R31,0
0000db 83e8      	ST   Y,R30
0000dc 83f9      	STD  Y+1,R31
0000dd 81aa      	LDD  R26,Y+2
0000de 81bb      	LDD  R27,Y+2+1
0000df d0ec      	RCALL _accelerate
                 ; 0000 00C1           steer(degree);
0000e0 81a8      	LD   R26,Y
0000e1 81b9      	LDD  R27,Y+1
0000e2 d003      	RCALL _steer
                 ; 0000 00C2 
                 ; 0000 00C3 
                 ; 0000 00C4       }
0000e3 9624      	ADIW R28,4
0000e4 cfed      	RJMP _0x6
                 ; 0000 00C5 }
                 _0x9:
0000e5 cfff      	RJMP _0x9
                 ; .FEND
                 ;void steer(int pot_val){
                 ; 0000 00C6 void steer(int pot_val){
                 _steer:
                 ; .FSTART _steer
                 ; 0000 00C7     int n;
                 ; 0000 00C8 
                 ; 0000 00C9     switch (pot_val) {
0000e6 940e 01f3 	CALL SUBOPT_0x0
                 ;	pot_val -> Y+2
                 ;	n -> R16,R17
0000e8 81ea      	LDD  R30,Y+2
0000e9 81fb      	LDD  R31,Y+2+1
                 ; 0000 00CA         case 0:
0000ea 9730      	SBIW R30,0
0000eb f419      	BRNE _0xD
                 ; 0000 00CB         new_angle = -180;
0000ec e4ec      	LDI  R30,LOW(65356)
0000ed efff      	LDI  R31,HIGH(65356)
0000ee c045      	RJMP _0x39
                 ; 0000 00CC         break;
                 ; 0000 00CD 
                 ; 0000 00CE         case 10:
                 _0xD:
0000ef 30ea      	CPI  R30,LOW(0xA)
0000f0 e0a0      	LDI  R26,HIGH(0xA)
0000f1 07fa      	CPC  R31,R26
0000f2 f419      	BRNE _0xE
                 ; 0000 00CF         new_angle = -144;
0000f3 e7e0      	LDI  R30,LOW(65392)
0000f4 efff      	LDI  R31,HIGH(65392)
0000f5 c03e      	RJMP _0x39
                 ; 0000 00D0         break;
                 ; 0000 00D1 
                 ; 0000 00D2         case 21:
                 _0xE:
0000f6 31e5      	CPI  R30,LOW(0x15)
0000f7 e0a0      	LDI  R26,HIGH(0x15)
0000f8 07fa      	CPC  R31,R26
0000f9 f419      	BRNE _0xF
                 ; 0000 00D3         new_angle = -108;
0000fa e9e4      	LDI  R30,LOW(65428)
0000fb efff      	LDI  R31,HIGH(65428)
0000fc c037      	RJMP _0x39
                 ; 0000 00D4         break;
                 ; 0000 00D5 
                 ; 0000 00D6         case 32:
                 _0xF:
0000fd 32e0      	CPI  R30,LOW(0x20)
0000fe e0a0      	LDI  R26,HIGH(0x20)
0000ff 07fa      	CPC  R31,R26
000100 f419      	BRNE _0x10
                 ; 0000 00D7         new_angle = -72;
000101 ebe8      	LDI  R30,LOW(65464)
000102 efff      	LDI  R31,HIGH(65464)
000103 c030      	RJMP _0x39
                 ; 0000 00D8         break;
                 ; 0000 00D9 
                 ; 0000 00DA         case 42:
                 _0x10:
000104 32ea      	CPI  R30,LOW(0x2A)
000105 e0a0      	LDI  R26,HIGH(0x2A)
000106 07fa      	CPC  R31,R26
000107 f419      	BRNE _0x11
                 ; 0000 00DB         new_angle = -36;
000108 edec      	LDI  R30,LOW(65500)
000109 efff      	LDI  R31,HIGH(65500)
00010a c029      	RJMP _0x39
                 ; 0000 00DC         break;
                 ; 0000 00DD 
                 ; 0000 00DE         case 53:
                 _0x11:
00010b 33e5      	CPI  R30,LOW(0x35)
00010c e0a0      	LDI  R26,HIGH(0x35)
00010d 07fa      	CPC  R31,R26
00010e f419      	BRNE _0x12
                 ; 0000 00DF         new_angle = 0;
00010f 2466      	CLR  R6
000110 2477      	CLR  R7
                 ; 0000 00E0         break;
000111 c023      	RJMP _0xC
                 ; 0000 00E1 
                 ; 0000 00E2         case 64:
                 _0x12:
000112 34e0      	CPI  R30,LOW(0x40)
000113 e0a0      	LDI  R26,HIGH(0x40)
000114 07fa      	CPC  R31,R26
000115 f419      	BRNE _0x13
                 ; 0000 00E3         new_angle = 36;
000116 e2e4      	LDI  R30,LOW(36)
000117 e0f0      	LDI  R31,HIGH(36)
000118 c01b      	RJMP _0x39
                 ; 0000 00E4         break;
                 ; 0000 00E5 
                 ; 0000 00E6         case 74:
                 _0x13:
000119 34ea      	CPI  R30,LOW(0x4A)
00011a e0a0      	LDI  R26,HIGH(0x4A)
00011b 07fa      	CPC  R31,R26
00011c f419      	BRNE _0x14
                 ; 0000 00E7         new_angle = 72;
00011d e4e8      	LDI  R30,LOW(72)
00011e e0f0      	LDI  R31,HIGH(72)
00011f c014      	RJMP _0x39
                 ; 0000 00E8         break;
                 ; 0000 00E9 
                 ; 0000 00EA         case 85:
                 _0x14:
000120 35e5      	CPI  R30,LOW(0x55)
000121 e0a0      	LDI  R26,HIGH(0x55)
000122 07fa      	CPC  R31,R26
000123 f419      	BRNE _0x15
                 ; 0000 00EB         new_angle = 108;
000124 e6ec      	LDI  R30,LOW(108)
000125 e0f0      	LDI  R31,HIGH(108)
000126 c00d      	RJMP _0x39
                 ; 0000 00EC         break;
                 ; 0000 00ED 
                 ; 0000 00EE         case 96:
                 _0x15:
000127 36e0      	CPI  R30,LOW(0x60)
000128 e0a0      	LDI  R26,HIGH(0x60)
000129 07fa      	CPC  R31,R26
00012a f419      	BRNE _0x16
                 ; 0000 00EF         new_angle = 144;
00012b e9e0      	LDI  R30,LOW(144)
00012c e0f0      	LDI  R31,HIGH(144)
00012d c006      	RJMP _0x39
                 ; 0000 00F0         break;
                 ; 0000 00F1 
                 ; 0000 00F2         case 106:
                 _0x16:
00012e 36ea      	CPI  R30,LOW(0x6A)
00012f e0a0      	LDI  R26,HIGH(0x6A)
000130 07fa      	CPC  R31,R26
000131 f419      	BRNE _0xC
                 ; 0000 00F3         new_angle = 180;
000132 ebe4      	LDI  R30,LOW(180)
000133 e0f0      	LDI  R31,HIGH(180)
                 _0x39:
000134 013f      	MOVW R6,R30
                 ; 0000 00F4         break;
                 ; 0000 00F5     }
                 _0xC:
                 ; 0000 00F6 
                 ; 0000 00F7     n = (new_angle - current_angle) / 36;
000135 01d3      	MOVW R26,R6
000136 19a8      	SUB  R26,R8
000137 09b9      	SBC  R27,R9
000138 e2e4      	LDI  R30,LOW(36)
000139 e0f0      	LDI  R31,HIGH(36)
00013a 940e 0227 	CALL __DIVW21
00013c 018f      	MOVW R16,R30
                 ; 0000 00F8 
                 ; 0000 00F9 
                 ; 0000 00FA     if (new_angle > 0) {
00013d 2400      	CLR  R0
00013e 1406      	CP   R0,R6
00013f 0407      	CPC  R0,R7
000140 f464      	BRGE _0x18
                 ; 0000 00FB         if (n > 0) {
000141 2400      	CLR  R0
000142 1600      	CP   R0,R16
000143 0601      	CPC  R0,R17
000144 f424      	BRGE _0x19
                 ; 0000 00FC             rotate_r_cw(abs(n));
000145 940e 01f8 	CALL SUBOPT_0x1
000147 d053      	RCALL _rotate_r_cw
                 ; 0000 00FD         } else {
000148 c003      	RJMP _0x1A
                 _0x19:
                 ; 0000 00FE             rotate_r_ccw(abs(n));
000149 940e 01f8 	CALL SUBOPT_0x1
00014b d066      	RCALL _rotate_r_ccw
                 ; 0000 00FF         }
                 _0x1A:
                 ; 0000 0100 
                 ; 0000 0101     } else if (new_angle == 0) {
00014c c01e      	RJMP _0x1B
                 _0x18:
00014d 2c06      	MOV  R0,R6
00014e 2807      	OR   R0,R7
00014f f461      	BRNE _0x1C
                 ; 0000 0102 
                 ; 0000 0103         if (current_angle > 0) {
000150 2400      	CLR  R0
000151 1408      	CP   R0,R8
000152 0409      	CPC  R0,R9
000153 f424      	BRGE _0x1D
                 ; 0000 0104             rotate_r_ccw(abs(n));
000154 940e 01f8 	CALL SUBOPT_0x1
000156 d05b      	RCALL _rotate_r_ccw
                 ; 0000 0105         } else {
000157 c003      	RJMP _0x1E
                 _0x1D:
                 ; 0000 0106             rotate_l_cw(abs(n));
000158 940e 01f8 	CALL SUBOPT_0x1
00015a d012      	RCALL _rotate_l_cw
                 ; 0000 0107         }
                 _0x1E:
                 ; 0000 0108 
                 ; 0000 0109     } else if (new_angle < 0){
00015b c00f      	RJMP _0x1F
                 _0x1C:
00015c 2400      	CLR  R0
00015d 1460      	CP   R6,R0
00015e 0470      	CPC  R7,R0
00015f f45c      	BRGE _0x20
                 ; 0000 010A 
                 ; 0000 010B         if (n > 0) {
000160 2400      	CLR  R0
000161 1600      	CP   R0,R16
000162 0601      	CPC  R0,R17
000163 f424      	BRGE _0x21
                 ; 0000 010C             rotate_l_cw(abs(n));
000164 940e 01f8 	CALL SUBOPT_0x1
000166 d006      	RCALL _rotate_l_cw
                 ; 0000 010D         } else {
000167 c003      	RJMP _0x22
                 _0x21:
                 ; 0000 010E             rotate_l_ccw(abs(n));
000168 940e 01f8 	CALL SUBOPT_0x1
00016a d019      	RCALL _rotate_l_ccw
                 ; 0000 010F         }
                 _0x22:
                 ; 0000 0110     }
                 ; 0000 0111     current_angle = new_angle;
                 _0x20:
                 _0x1F:
                 _0x1B:
00016b 0143      	MOVW R8,R6
                 ; 0000 0112 }
00016c c05b      	RJMP _0x2080001
                 ; .FEND
                 ;
                 ;void rotate_l_cw(int seq){
                 ; 0000 0114 void rotate_l_cw(int seq){
                 _rotate_l_cw:
                 ; .FSTART _rotate_l_cw
                 ; 0000 0115     int i;
                 ; 0000 0116     for (i = 0; i < seq; i++) {
00016d 940e 01f3 	CALL SUBOPT_0x0
                 ;	seq -> Y+2
                 ;	i -> R16,R17
                +
00016f e000     +LDI R16 , LOW ( 0 )
000170 e010     +LDI R17 , HIGH ( 0 )
                 	__GETWRN 16,17,0
                 _0x24:
000171 940e 01fd 	CALL SUBOPT_0x2
000173 f47c      	BRGE _0x25
                 ; 0000 0117         PORTC = 0b00000011;
000174 e0e3      	LDI  R30,LOW(3)
000175 940e 0202 	CALL SUBOPT_0x3
                 ; 0000 0118         delay_ms(period);
                 ; 0000 0119         PORTC = 0b00000110;
000177 e0e6      	LDI  R30,LOW(6)
000178 940e 0202 	CALL SUBOPT_0x3
                 ; 0000 011A         delay_ms(period);
                 ; 0000 011B         PORTC = 0b00001100;
00017a e0ec      	LDI  R30,LOW(12)
00017b 940e 0202 	CALL SUBOPT_0x3
                 ; 0000 011C         delay_ms(period);
                 ; 0000 011D         PORTC = 0b00001001;
00017d e0e9      	LDI  R30,LOW(9)
00017e 940e 0202 	CALL SUBOPT_0x3
                 ; 0000 011E         delay_ms(period);
                 ; 0000 011F     }
                +
000180 5f0f     +SUBI R16 , LOW ( - 1 )
000181 4f1f     +SBCI R17 , HIGH ( - 1 )
                 	__ADDWRN 16,17,1
000182 cfee      	RJMP _0x24
                 _0x25:
                 ; 0000 0120 }
000183 c044      	RJMP _0x2080001
                 ; .FEND
                 ;//
                 ;void rotate_l_ccw(int seq){
                 ; 0000 0122 void rotate_l_ccw(int seq){
                 _rotate_l_ccw:
                 ; .FSTART _rotate_l_ccw
                 ; 0000 0123     int i;
                 ; 0000 0124     for (i = 0; i < seq; i++) {
000184 940e 01f3 	CALL SUBOPT_0x0
                 ;	seq -> Y+2
                 ;	i -> R16,R17
                +
000186 e000     +LDI R16 , LOW ( 0 )
000187 e010     +LDI R17 , HIGH ( 0 )
                 	__GETWRN 16,17,0
                 _0x27:
000188 940e 01fd 	CALL SUBOPT_0x2
00018a f47c      	BRGE _0x28
                 ; 0000 0125         PORTC = 0b00001100;
00018b e0ec      	LDI  R30,LOW(12)
00018c 940e 0202 	CALL SUBOPT_0x3
                 ; 0000 0126         delay_ms(period);
                 ; 0000 0127         PORTC = 0b00000110;
00018e e0e6      	LDI  R30,LOW(6)
00018f 940e 0202 	CALL SUBOPT_0x3
                 ; 0000 0128         delay_ms(period);
                 ; 0000 0129         PORTC = 0b00000011;
000191 e0e3      	LDI  R30,LOW(3)
000192 940e 0202 	CALL SUBOPT_0x3
                 ; 0000 012A         delay_ms(period);
                 ; 0000 012B         PORTC = 0b00001001;
000194 e0e9      	LDI  R30,LOW(9)
000195 940e 0202 	CALL SUBOPT_0x3
                 ; 0000 012C         delay_ms(period);
                 ; 0000 012D     }
                +
000197 5f0f     +SUBI R16 , LOW ( - 1 )
000198 4f1f     +SBCI R17 , HIGH ( - 1 )
                 	__ADDWRN 16,17,1
000199 cfee      	RJMP _0x27
                 _0x28:
                 ; 0000 012E }
00019a c02d      	RJMP _0x2080001
                 ; .FEND
                 ;//
                 ;void rotate_r_cw(int seq){
                 ; 0000 0130 void rotate_r_cw(int seq){
                 _rotate_r_cw:
                 ; .FSTART _rotate_r_cw
                 ; 0000 0131     int i;
                 ; 0000 0132     for (i = 0; i < seq; i++) {
00019b 940e 01f3 	CALL SUBOPT_0x0
                 ;	seq -> Y+2
                 ;	i -> R16,R17
                +
00019d e000     +LDI R16 , LOW ( 0 )
00019e e010     +LDI R17 , HIGH ( 0 )
                 	__GETWRN 16,17,0
                 _0x2A:
00019f 940e 01fd 	CALL SUBOPT_0x2
0001a1 f47c      	BRGE _0x2B
                 ; 0000 0133         PORTC = 0b00110000;
0001a2 e3e0      	LDI  R30,LOW(48)
0001a3 940e 0202 	CALL SUBOPT_0x3
                 ; 0000 0134         delay_ms(period);
                 ; 0000 0135         PORTC = 0b01100000;
0001a5 e6e0      	LDI  R30,LOW(96)
0001a6 940e 0202 	CALL SUBOPT_0x3
                 ; 0000 0136         delay_ms(period);
                 ; 0000 0137         PORTC = 0b11000000;
0001a8 ece0      	LDI  R30,LOW(192)
0001a9 940e 0202 	CALL SUBOPT_0x3
                 ; 0000 0138         delay_ms(period);
                 ; 0000 0139         PORTC = 0b10010000;
0001ab e9e0      	LDI  R30,LOW(144)
0001ac 940e 0202 	CALL SUBOPT_0x3
                 ; 0000 013A         delay_ms(period);
                 ; 0000 013B     }
                +
0001ae 5f0f     +SUBI R16 , LOW ( - 1 )
0001af 4f1f     +SBCI R17 , HIGH ( - 1 )
                 	__ADDWRN 16,17,1
0001b0 cfee      	RJMP _0x2A
                 _0x2B:
                 ; 0000 013C }
0001b1 c016      	RJMP _0x2080001
                 ; .FEND
                 ;void rotate_r_ccw(int seq){
                 ; 0000 013D void rotate_r_ccw(int seq){
                 _rotate_r_ccw:
                 ; .FSTART _rotate_r_ccw
                 ; 0000 013E     int i;
                 ; 0000 013F     for (i = 0; i < seq; i++) {
0001b2 940e 01f3 	CALL SUBOPT_0x0
                 ;	seq -> Y+2
                 ;	i -> R16,R17
                +
0001b4 e000     +LDI R16 , LOW ( 0 )
0001b5 e010     +LDI R17 , HIGH ( 0 )
                 	__GETWRN 16,17,0
                 _0x2D:
0001b6 940e 01fd 	CALL SUBOPT_0x2
0001b8 f47c      	BRGE _0x2E
                 ; 0000 0140         PORTC = 0b11000000;
0001b9 ece0      	LDI  R30,LOW(192)
0001ba 940e 0202 	CALL SUBOPT_0x3
                 ; 0000 0141         delay_ms(period);
                 ; 0000 0142         PORTC = 0b01100000;
0001bc e6e0      	LDI  R30,LOW(96)
0001bd 940e 0202 	CALL SUBOPT_0x3
                 ; 0000 0143         delay_ms(period);
                 ; 0000 0144         PORTC = 0b00110000;
0001bf e3e0      	LDI  R30,LOW(48)
0001c0 940e 0202 	CALL SUBOPT_0x3
                 ; 0000 0145         delay_ms(period);
                 ; 0000 0146         PORTC = 0b10010000;
0001c2 e9e0      	LDI  R30,LOW(144)
0001c3 940e 0202 	CALL SUBOPT_0x3
                 ; 0000 0147         delay_ms(period);
                 ; 0000 0148     }
                +
0001c5 5f0f     +SUBI R16 , LOW ( - 1 )
0001c6 4f1f     +SBCI R17 , HIGH ( - 1 )
                 	__ADDWRN 16,17,1
0001c7 cfee      	RJMP _0x2D
                 _0x2E:
                 ; 0000 0149 }
                 _0x2080001:
0001c8 8119      	LDD  R17,Y+1
0001c9 8108      	LDD  R16,Y+0
0001ca 9624      	ADIW R28,4
0001cb 9508      	RET
                 ; .FEND
                 ;void accelerate(int pot_value){
                 ; 0000 014A void accelerate(int pot_value){
                 _accelerate:
                 ; .FSTART _accelerate
                 ; 0000 014B 
                 ; 0000 014C     OCR0 = abs(pot_value - 53);
0001cc 93ba      	ST   -Y,R27
0001cd 93aa      	ST   -Y,R26
                 ;	pot_value -> Y+0
0001ce 81a8      	LD   R26,Y
0001cf 81b9      	LDD  R27,Y+1
0001d0 97d5      	SBIW R26,53
0001d1 d017      	RCALL _abs
0001d2 bfec      	OUT  0x3C,R30
                 ; 0000 014D 
                 ; 0000 014E     if (pot_value > 53) {
0001d3 81a8      	LD   R26,Y
0001d4 81b9      	LDD  R27,Y+1
0001d5 97d6      	SBIW R26,54
0001d6 f01c      	BRLT _0x2F
                 ; 0000 014F         PORTB.4 = 1;
0001d7 9ac4      	SBI  0x18,4
                 ; 0000 0150         PORTD = 0b00000111;
0001d8 e0e7      	LDI  R30,LOW(7)
0001d9 c00c      	RJMP _0x3A
                 ; 0000 0151 
                 ; 0000 0152 
                 ; 0000 0153     } else if (pot_value == 53){
                 _0x2F:
0001da 81a8      	LD   R26,Y
0001db 81b9      	LDD  R27,Y+1
0001dc 97d5      	SBIW R26,53
0001dd f431      	BRNE _0x33
                 ; 0000 0154         PORTB.4 = 0;
0001de 98c4      	CBI  0x18,4
                 ; 0000 0155         PORTD = 0b00001111;
0001df e0ef      	LDI  R30,LOW(15)
0001e0 bbe2      	OUT  0x12,R30
                 ; 0000 0156         OCR0 = 0;
0001e1 e0e0      	LDI  R30,LOW(0)
0001e2 bfec      	OUT  0x3C,R30
                 ; 0000 0157 
                 ; 0000 0158     } else {
0001e3 c003      	RJMP _0x36
                 _0x33:
                 ; 0000 0159         PORTB.4 = 0;
0001e4 98c4      	CBI  0x18,4
                 ; 0000 015A         PORTD = 0b00001110;
0001e5 e0ee      	LDI  R30,LOW(14)
                 _0x3A:
0001e6 bbe2      	OUT  0x12,R30
                 ; 0000 015B     }
                 _0x36:
                 ; 0000 015C }
0001e7 9622      	ADIW R28,2
0001e8 9508      	RET
                 ; .FEND
                 
                 	.CSEG
                 _abs:
                 ; .FSTART _abs
0001e9 93ba      	ST   -Y,R27
0001ea 93aa      	ST   -Y,R26
0001eb 91e9          ld   r30,y+
0001ec 91f9          ld   r31,y+
0001ed 9730          sbiw r30,0
0001ee f41a          brpl __abs0
0001ef 95e0          com  r30
0001f0 95f0          com  r31
0001f1 9631          adiw r30,1
                 __abs0:
0001f2 9508          ret
                 ; .FEND
                 
                 	.DSEG
                 
                 	.CSEG
                 
                 	.CSEG
                 
                 	.CSEG
                 
                 	.CSEG
                 
                 	.DSEG
                 __seed_G100:
000260           	.BYTE 0x4
                 
                 	.CSEG
                 ;OPTIMIZER ADDED SUBROUTINE, CALLED 5 TIMES, CODE SIZE REDUCTION:5 WORDS
                 SUBOPT_0x0:
0001f3 93ba      	ST   -Y,R27
0001f4 93aa      	ST   -Y,R26
0001f5 931a      	ST   -Y,R17
0001f6 930a      	ST   -Y,R16
0001f7 9508      	RET
                 
                 ;OPTIMIZER ADDED SUBROUTINE, CALLED 6 TIMES, CODE SIZE REDUCTION:7 WORDS
                 SUBOPT_0x1:
0001f8 01d8      	MOVW R26,R16
0001f9 940e 01e9 	CALL _abs
0001fb 01df      	MOVW R26,R30
0001fc 9508      	RET
                 
                 ;OPTIMIZER ADDED SUBROUTINE, CALLED 4 TIMES, CODE SIZE REDUCTION:3 WORDS
                 SUBOPT_0x2:
0001fd 81ea      	LDD  R30,Y+2
0001fe 81fb      	LDD  R31,Y+2+1
0001ff 170e      	CP   R16,R30
000200 071f      	CPC  R17,R31
000201 9508      	RET
                 
                 ;OPTIMIZER ADDED SUBROUTINE, CALLED 16 TIMES, CODE SIZE REDUCTION:27 WORDS
                 SUBOPT_0x3:
000202 bbe5      	OUT  0x15,R30
000203 01d2      	MOVW R26,R4
000204 940c 0206 	JMP  _delay_ms
                 
                 
                 	.CSEG
                 _delay_ms:
000206 9610      	adiw r26,0
000207 f039      	breq __delay_ms1
                 __delay_ms0:
                +
000208 ed80     +LDI R24 , LOW ( 0x7D0 )
000209 e097     +LDI R25 , HIGH ( 0x7D0 )
                +__DELAY_USW_LOOP :
00020a 9701     +SBIW R24 , 1
00020b f7f1     +BRNE __DELAY_USW_LOOP
                 	__DELAY_USW 0x7D0
00020c 95a8      	wdr
00020d 9711      	sbiw r26,1
00020e f7c9      	brne __delay_ms0
                 __delay_ms1:
00020f 9508      	ret
                 
                 __ANEGW1:
000210 95f1      	NEG  R31
000211 95e1      	NEG  R30
000212 40f0      	SBCI R31,0
000213 9508      	RET
                 
                 __DIVW21U:
000214 2400      	CLR  R0
000215 2411      	CLR  R1
000216 e190      	LDI  R25,16
                 __DIVW21U1:
000217 0faa      	LSL  R26
000218 1fbb      	ROL  R27
000219 1c00      	ROL  R0
00021a 1c11      	ROL  R1
00021b 1a0e      	SUB  R0,R30
00021c 0a1f      	SBC  R1,R31
00021d f418      	BRCC __DIVW21U2
00021e 0e0e      	ADD  R0,R30
00021f 1e1f      	ADC  R1,R31
000220 c001      	RJMP __DIVW21U3
                 __DIVW21U2:
000221 60a1      	SBR  R26,1
                 __DIVW21U3:
000222 959a      	DEC  R25
000223 f799      	BRNE __DIVW21U1
000224 01fd      	MOVW R30,R26
000225 01d0      	MOVW R26,R0
000226 9508      	RET
                 
                 __DIVW21:
000227 d004      	RCALL __CHKSIGNW
000228 dfeb      	RCALL __DIVW21U
000229 f40e      	BRTC __DIVW211
00022a dfe5      	RCALL __ANEGW1
                 __DIVW211:
00022b 9508      	RET
                 
                 __CHKSIGNW:
00022c 94e8      	CLT
00022d fff7      	SBRS R31,7
00022e c002      	RJMP __CHKSW1
00022f dfe0      	RCALL __ANEGW1
000230 9468      	SET
                 __CHKSW1:
000231 ffb7      	SBRS R27,7
000232 c006      	RJMP __CHKSW2
000233 95a0      	COM  R26
000234 95b0      	COM  R27
000235 9611      	ADIW R26,1
000236 f800      	BLD  R0,0
000237 9403      	INC  R0
000238 fa00      	BST  R0,0
                 __CHKSW2:
000239 9508      	RET
                 
                 ;END OF CODE MARKER
                 __END_OF_CODE:


RESOURCE USE INFORMATION
------------------------

Notice:
The register and instruction counts are symbol table hit counts,
and hence implicitly used resources are not counted, eg, the
'lpm' instruction without operands implicitly uses r0 and z,
none of which are counted.

x,y,z are separate entities in the symbol table and are
counted separately from r26..r31 here.

.dseg memory usage only counts static data declared with .byte

ATmega32 register use summary:
r0 :  31 r1 :   7 r2 :   0 r3 :   0 r4 :   1 r5 :   0 r6 :   7 r7 :   4 
r8 :   3 r9 :   2 r10:   0 r11:   0 r12:   0 r13:   0 r14:   0 r15:   2 
r16:  15 r17:  13 r18:   0 r19:   0 r20:   0 r21:   0 r22:   4 r23:   2 
r24:  11 r25:   7 r26:  54 r27:  18 r28:   6 r29:   1 r30: 148 r31:  40 
x  :   3 y  :  56 z  :   7 
Registers used: 23 out of 35 (65.7%)

ATmega32 instruction use summary:
.lds  :   0 .lds.l:   0 .sts  :   0 .sts.l:   0 adc   :   1 add   :   1 
adiw  :   7 and   :   0 andi  :   1 asr   :   0 bclr  :   0 bld   :   1 
brbc  :   0 brbs  :   0 brcc  :   1 brcs  :   0 break :   0 breq  :   2 
brge  :   9 brhc  :   0 brhs  :   0 brid  :   0 brie  :   0 brlo  :   0 
brlt  :   1 brmi  :   0 brne  :  19 brpl  :   1 brsh  :   0 brtc  :   1 
brts  :   0 brvc  :   0 brvs  :   0 bset  :   0 bst   :   1 call  :  35 
cbi   :   2 cbr   :   0 clc   :   0 clh   :   0 cli   :   1 cln   :   0 
clr   :  11 cls   :   0 clt   :   1 clv   :   0 clz   :   0 com   :   4 
cp    :   6 cpc   :  16 cpi   :  10 cpse  :   0 dec   :   2 des   :   0 
eor   :   0 fmul  :   0 fmuls :   0 fmulsu:   0 icall :   0 ijmp  :   0 
in    :   3 inc   :   1 jmp   :  23 ld    :  19 ldd   :  12 ldi   : 103 
lds   :   0 lpm   :   7 lsl   :   1 lsr   :   0 mov   :   1 movw  :  12 
mul   :   0 muls  :   0 mulsu :   0 neg   :   2 nop   :   0 or    :   1 
ori   :   2 out   :  51 pop   :   0 push  :   0 rcall :  15 ret   :  12 
reti  :   1 rjmp  :  32 rol   :   3 ror   :   0 sbc   :   2 sbci  :   5 
sbi   :   2 sbic  :   1 sbis  :   0 sbiw  :  11 sbr   :   1 sbrc  :   0 
sbrs  :   2 sec   :   0 seh   :   0 sei   :   1 sen   :   0 ser   :   0 
ses   :   0 set   :   1 sev   :   0 sez   :   0 sleep :   0 spm   :   0 
st    :  25 std   :   3 sts   :   0 sub   :   2 subi  :   4 swap  :   0 
tst   :   0 wdr   :   1 
Instructions used: 56 out of 116 (48.3%)

ATmega32 memory use summary [bytes]:
Segment   Begin    End      Code   Data   Used    Size   Use%
---------------------------------------------------------------
[.cseg] 0x000000 0x000474   1108     32   1140   32768   3.5%
[.dseg] 0x000060 0x000264      0      4      4    2048   0.2%
[.eseg] 0x000000 0x000000      0      0      0    1024   0.0%

Assembly complete, 0 errors, 8 warnings
